Using pre-set license
Built from '2021.3/staging' branch; Version is '2021.3.6f1 (7da38d85baf6) revision 8233869'; Using compiler version '192829333'; Build Type 'Release'
OS: 'Windows 10  (10.0.19044) 64bit Core' Language: 'fr' Physical Memory: 16339 MB
BatchMode: 1, IsHumanControllingUs: 0, StartBugReporterOnCrash: 0, Is64bit: 1, IsPro: 1

COMMAND LINE ARGUMENTS:
D:\Unity\Hub\Editors\2021.3.6f1\Editor\Unity.exe
-adb2
-batchMode
-noUpm
-name
AssetImportWorker0
-projectPath
N:/1. Project/GMTK-JAM-2022/Roll-n-Die
-logFile
Logs/AssetImportWorker0.log
-srvPort
64789
Successfully changed project path to: N:/1. Project/GMTK-JAM-2022/Roll-n-Die
N:/1. Project/GMTK-JAM-2022/Roll-n-Die
[UnityMemory] Configuration Parameters - Can be set up in boot.config
    "memorysetup-bucket-allocator-granularity=16"
    "memorysetup-bucket-allocator-bucket-count=8"
    "memorysetup-bucket-allocator-block-size=33554432"
    "memorysetup-bucket-allocator-block-count=8"
    "memorysetup-main-allocator-block-size=16777216"
    "memorysetup-thread-allocator-block-size=16777216"
    "memorysetup-gfx-main-allocator-block-size=16777216"
    "memorysetup-gfx-thread-allocator-block-size=16777216"
    "memorysetup-cache-allocator-block-size=4194304"
    "memorysetup-typetree-allocator-block-size=2097152"
    "memorysetup-profiler-bucket-allocator-granularity=16"
    "memorysetup-profiler-bucket-allocator-bucket-count=8"
    "memorysetup-profiler-bucket-allocator-block-size=33554432"
    "memorysetup-profiler-bucket-allocator-block-count=8"
    "memorysetup-profiler-allocator-block-size=16777216"
    "memorysetup-profiler-editor-allocator-block-size=1048576"
    "memorysetup-temp-allocator-size-main=16777216"
    "memorysetup-job-temp-allocator-block-size=2097152"
    "memorysetup-job-temp-allocator-block-size-background=1048576"
    "memorysetup-job-temp-allocator-reduction-small-platforms=262144"
    "memorysetup-temp-allocator-size-background-worker=32768"
    "memorysetup-temp-allocator-size-job-worker=262144"
    "memorysetup-temp-allocator-size-preload-manager=33554432"
    "memorysetup-temp-allocator-size-nav-mesh-worker=65536"
    "memorysetup-temp-allocator-size-audio-worker=65536"
    "memorysetup-temp-allocator-size-cloud-worker=32768"
    "memorysetup-temp-allocator-size-gi-baking-worker=262144"
    "memorysetup-temp-allocator-size-gfx=262144"
Refreshing native plugins compatible for Editor in 151.63 ms, found 3 plugins.
Preloading 0 native plugins for Editor in 0.00 ms.
Initialize engine version: 2021.3.6f1 (7da38d85baf6)
[Subsystems] Discovering subsystems at path D:/Unity/Hub/Editors/2021.3.6f1/Editor/Data/Resources/UnitySubsystems
[Subsystems] Discovering subsystems at path N:/1. Project/GMTK-JAM-2022/Roll-n-Die/Assets
GfxDevice: creating device client; threaded=0; jobified=0
Direct3D:
    Version:  Direct3D 11.0 [level 11.1]
    Renderer: NVIDIA GeForce GTX 1060 (ID=0x1c20)
    Vendor:   NVIDIA
    VRAM:     6052 MB
    Driver:   31.0.15.1659
Initialize mono
Mono path[0] = 'D:/Unity/Hub/Editors/2021.3.6f1/Editor/Data/Managed'
Mono path[1] = 'D:/Unity/Hub/Editors/2021.3.6f1/Editor/Data/MonoBleedingEdge/lib/mono/unityjit-win32'
Mono config path = 'D:/Unity/Hub/Editors/2021.3.6f1/Editor/Data/MonoBleedingEdge/etc'
Using monoOptions --debugger-agent=transport=dt_socket,embedding=1,server=y,suspend=n,address=127.0.0.1:56176
Begin MonoManager ReloadAssembly
Registering precompiled unity dll's ...
Register platform support module: D:/Unity/Hub/Editors/2021.3.6f1/Editor/Data/PlaybackEngines/WebGLSupport/UnityEditor.WebGL.Extensions.dll
Register platform support module: D:/Unity/Hub/Editors/2021.3.6f1/Editor/Data/PlaybackEngines/WindowsStandaloneSupport/UnityEditor.WindowsStandalone.Extensions.dll
Registered in 0.004968 seconds.
Native extension for WindowsStandalone target not found
Native extension for WebGL target not found
Refreshing native plugins compatible for Editor in 131.12 ms, found 3 plugins.
Preloading 0 native plugins for Editor in 0.00 ms.
Mono: successfully reloaded assembly
- Completed reload, in  0.905 seconds
Domain Reload Profiling:
	ReloadAssembly (905ms)
		BeginReloadAssembly (102ms)
			ExecutionOrderSort (0ms)
			DisableScriptedObjects (0ms)
			BackupInstance (0ms)
			ReleaseScriptingObjects (0ms)
			CreateAndSetChildDomain (1ms)
		EndReloadAssembly (675ms)
			LoadAssemblies (101ms)
			RebuildTransferFunctionScriptingTraits (0ms)
			SetupTypeCache (152ms)
			ReleaseScriptCaches (0ms)
			RebuildScriptCaches (45ms)
			SetupLoadedEditorAssemblies (412ms)
				LogAssemblyErrors (0ms)
				InitializePlatformSupportModulesInManaged (12ms)
				SetLoadedEditorAssemblies (0ms)
				RefreshPlugins (131ms)
				BeforeProcessingInitializeOnLoad (2ms)
				ProcessInitializeOnLoadAttributes (202ms)
				ProcessInitializeOnLoadMethodAttributes (64ms)
				AfterProcessingInitializeOnLoad (0ms)
				EditorAssembliesLoaded (0ms)
			ExecutionOrderSort2 (0ms)
			AwakeInstancesAfterBackupRestoration (0ms)
Platform modules already initialized, skipping
Registering precompiled user dll's ...
Registered in 0.005790 seconds.
Begin MonoManager ReloadAssembly
Symbol file LoadedFromMemory doesn't match image N:\1. Project\GMTK-JAM-2022\Roll-n-Die\Library\PackageCache\com.unity.visualscripting@1.7.8\Editor\VisualScripting.Core\Dependencies\YamlDotNet\Unity.VisualScripting.YamlDotNet.dll
Symbol file LoadedFromMemory doesn't match image N:\1. Project\GMTK-JAM-2022\Roll-n-Die\Library\PackageCache\com.unity.visualscripting@1.7.8\Editor\VisualScripting.Core\Dependencies\DotNetZip\Unity.VisualScripting.IonicZip.dll
Native extension for WindowsStandalone target not found
Native extension for WebGL target not found
Refreshing native plugins compatible for Editor in 1.06 ms, found 3 plugins.
Preloading 0 native plugins for Editor in 0.00 ms.
Mono: successfully reloaded assembly
- Completed reload, in  1.498 seconds
Domain Reload Profiling:
	ReloadAssembly (1499ms)
		BeginReloadAssembly (138ms)
			ExecutionOrderSort (0ms)
			DisableScriptedObjects (7ms)
			BackupInstance (0ms)
			ReleaseScriptingObjects (0ms)
			CreateAndSetChildDomain (26ms)
		EndReloadAssembly (1202ms)
			LoadAssemblies (122ms)
			RebuildTransferFunctionScriptingTraits (0ms)
			SetupTypeCache (366ms)
			ReleaseScriptCaches (1ms)
			RebuildScriptCaches (84ms)
			SetupLoadedEditorAssemblies (567ms)
				LogAssemblyErrors (0ms)
				InitializePlatformSupportModulesInManaged (10ms)
				SetLoadedEditorAssemblies (1ms)
				RefreshPlugins (1ms)
				BeforeProcessingInitializeOnLoad (129ms)
				ProcessInitializeOnLoadAttributes (371ms)
				ProcessInitializeOnLoadMethodAttributes (50ms)
				AfterProcessingInitializeOnLoad (5ms)
				EditorAssembliesLoaded (0ms)
			ExecutionOrderSort2 (0ms)
			AwakeInstancesAfterBackupRestoration (17ms)
Platform modules already initialized, skipping
========================================================================
Worker process is ready to serve import requests
Launched and connected shader compiler UnityShaderCompiler.exe after 0.06 seconds
Refreshing native plugins compatible for Editor in 1.00 ms, found 3 plugins.
Preloading 0 native plugins for Editor in 0.00 ms.
Unloading 3621 Unused Serialized files (Serialized files now loaded: 0)
Unloading 31 unused Assets / (111.3 KB). Loaded Objects now: 4084.
Memory consumption went from 137.7 MB to 137.6 MB.
Total: 5.084800 ms (FindLiveObjects: 0.402200 ms CreateObjectMapping: 0.320600 ms MarkObjects: 4.197600 ms  DeleteObjects: 0.163200 ms)

AssetImportParameters requested are different than current active one (requested -> active):
  custom:video-decoder-ogg-theora: a1e56fd34408186e4bbccfd4996cb3dc -> 
  custom:container-muxer-webm: aa71ff27fc2769a1b78a27578f13a17b -> 
  custom:container-demuxer-webm: 4f35f7cbe854078d1ac9338744f61a02 -> 
  custom:video-encoder-webm-vp8: eb34c28f22e8b96e1ab97ce403110664 -> 
  custom:audio-encoder-webm-vorbis: bf7c407c2cedff20999df2af8eb42d56 -> 
  custom:framework-win-MediaFoundation: 216162199b28c13a410421893ffa2e32 -> 
  custom:container-demuxer-ogg: 62fdf1f143b41e24485cea50d1cbac27 -> 
  custom:video-decoder-webm-vp8: 9c59270c3fd7afecdb556c50c9e8de78 -> 
  custom:audio-decoder-ogg-vorbis: bf7c407c2cedff20999df2af8eb42d56 -> 
========================================================================
Received Import Request.
  Time since last request: 142809.392342 seconds.
  path: Assets/Bolt 2D JellyFarm VE2/App Icon.png
  artifactKey: Guid(2d5a187c329e5f840b248842b9743eb7) Importer(815301076,1909f56bfc062723c751e8b465ee728b)
Start importing Assets/Bolt 2D JellyFarm VE2/App Icon.png using Guid(2d5a187c329e5f840b248842b9743eb7) Importer(815301076,1909f56bfc062723c751e8b465ee728b)  -> (artifact id: 'cc96a66d8cc15e4de259aa0a4909066f') in 0.209792 seconds 
========================================================================
Received Import Request.
  Time since last request: 316.549027 seconds.
  path: Assets/2D
  artifactKey: Guid(53b0e1bc59709ea4f9dbc7275d121e91) Importer(815301076,1909f56bfc062723c751e8b465ee728b)
Start importing Assets/2D using Guid(53b0e1bc59709ea4f9dbc7275d121e91) Importer(815301076,1909f56bfc062723c751e8b465ee728b)  -> (artifact id: 'eec4a39e1245d38e9ae16e1135f89301') in 0.008624 seconds 
========================================================================
Received Import Request.
  Time since last request: 0.406921 seconds.
  path: Assets/2D/Tiles
  artifactKey: Guid(9d9f4eb5db61bc64d88809e14069398c) Importer(815301076,1909f56bfc062723c751e8b465ee728b)
Start importing Assets/2D/Tiles using Guid(9d9f4eb5db61bc64d88809e14069398c) Importer(815301076,1909f56bfc062723c751e8b465ee728b)  -> (artifact id: '1ef25f48293927a54edd6bde62e3723a') in 0.002972 seconds 
========================================================================
Received Import Request.
  Time since last request: 0.027913 seconds.
  path: Assets/2D/Tiles/Box.asset
  artifactKey: Guid(b17dc711f0f6e7844a0eda1d386cd9f7) Importer(815301076,1909f56bfc062723c751e8b465ee728b)
Start importing Assets/2D/Tiles/Box.asset using Guid(b17dc711f0f6e7844a0eda1d386cd9f7) Importer(815301076,1909f56bfc062723c751e8b465ee728b)  -> (artifact id: 'd628ea6c294245e6352207f49ab63c07') in 0.026410 seconds 
========================================================================
Received Import Request.
  Time since last request: 0.034828 seconds.
  path: Assets/2D/Tiles/Desk.asset
  artifactKey: Guid(1587bc399d4e53e49b793cbf1f0cdd93) Importer(815301076,1909f56bfc062723c751e8b465ee728b)
Start importing Assets/2D/Tiles/Desk.asset using Guid(1587bc399d4e53e49b793cbf1f0cdd93) Importer(815301076,1909f56bfc062723c751e8b465ee728b)  -> (artifact id: '5d08504e2469942b20220b6c96132a1d') in 0.014608 seconds 
========================================================================
Received Import Request.
  Time since last request: 0.000029 seconds.
  path: Assets/2D/Tiles/Flower A1.asset
  artifactKey: Guid(9a9a1f4e61ba95244ab8e78ce18b51ea) Importer(815301076,1909f56bfc062723c751e8b465ee728b)
Start importing Assets/2D/Tiles/Flower A1.asset using Guid(9a9a1f4e61ba95244ab8e78ce18b51ea) Importer(815301076,1909f56bfc062723c751e8b465ee728b)  -> (artifact id: '16efc8212b37145a45cbc4d620ef0805') in 0.015744 seconds 
========================================================================
Received Import Request.
  Time since last request: 0.000027 seconds.
  path: Assets/2D/Tiles/Gress 1.asset
  artifactKey: Guid(a1cfa2695bac0d345a0ed2a2d573f76f) Importer(815301076,1909f56bfc062723c751e8b465ee728b)
Start importing Assets/2D/Tiles/Gress 1.asset using Guid(a1cfa2695bac0d345a0ed2a2d573f76f) Importer(815301076,1909f56bfc062723c751e8b465ee728b)  -> (artifact id: 'a2f85c8aaf14543965b81d152c8f5425') in 0.016595 seconds 
========================================================================
Received Import Request.
  Time since last request: 0.000021 seconds.
  path: Assets/2D/Tiles/Gress 5.asset
  artifactKey: Guid(35e21c982b8c9b14090a14d7f8b32689) Importer(815301076,1909f56bfc062723c751e8b465ee728b)
Start importing Assets/2D/Tiles/Gress 5.asset using Guid(35e21c982b8c9b14090a14d7f8b32689) Importer(815301076,1909f56bfc062723c751e8b465ee728b)  -> (artifact id: 'b4592f3739ccfd934ef43d805c519dff') in 0.014441 seconds 
========================================================================
Received Import Request.
  Time since last request: 0.000025 seconds.
  path: Assets/2D/Tiles/Gress 8.asset
  artifactKey: Guid(f86466cbcbdf9094c92a60afed8e9d24) Importer(815301076,1909f56bfc062723c751e8b465ee728b)
Start importing Assets/2D/Tiles/Gress 8.asset using Guid(f86466cbcbdf9094c92a60afed8e9d24) Importer(815301076,1909f56bfc062723c751e8b465ee728b)  -> (artifact id: '7641197496ef11168b067e366df3d970') in 0.014604 seconds 
========================================================================
Received Import Request.
  Time since last request: 0.000033 seconds.
  path: Assets/2D/Tiles/Flower B1.asset
  artifactKey: Guid(6d7c44d2453f7af499ebbceb9339551f) Importer(815301076,1909f56bfc062723c751e8b465ee728b)
Start importing Assets/2D/Tiles/Flower B1.asset using Guid(6d7c44d2453f7af499ebbceb9339551f) Importer(815301076,1909f56bfc062723c751e8b465ee728b)  -> (artifact id: 'e8afc2132fcb0d634cbf1b16f39a087c') in 0.013972 seconds 
========================================================================
Received Import Request.
  Time since last request: 0.000026 seconds.
  path: Assets/2D/Tiles/House B0.asset
  artifactKey: Guid(b59bf75acfccba6418fe99ce83434ccb) Importer(815301076,1909f56bfc062723c751e8b465ee728b)
Start importing Assets/2D/Tiles/House B0.asset using Guid(b59bf75acfccba6418fe99ce83434ccb) Importer(815301076,1909f56bfc062723c751e8b465ee728b)  -> (artifact id: '32b6bcbd36b72a5a8d93536a6822396f') in 0.013608 seconds 
========================================================================
Received Import Request.
  Time since last request: 0.000024 seconds.
  path: Assets/2D/Tiles/Flower B0.asset
  artifactKey: Guid(3fb44a36991638643a925ae9c0dda9be) Importer(815301076,1909f56bfc062723c751e8b465ee728b)
Start importing Assets/2D/Tiles/Flower B0.asset using Guid(3fb44a36991638643a925ae9c0dda9be) Importer(815301076,1909f56bfc062723c751e8b465ee728b)  -> (artifact id: '016cba0f8f384408108a56df20529ee7') in 0.013235 seconds 
========================================================================
Received Import Request.
  Time since last request: 0.000024 seconds.
  path: Assets/2D/Tiles/Gress 2.asset
  artifactKey: Guid(3b24d1a6fb0b9ec4bb3434c810c8cf5c) Importer(815301076,1909f56bfc062723c751e8b465ee728b)
Start importing Assets/2D/Tiles/Gress 2.asset using Guid(3b24d1a6fb0b9ec4bb3434c810c8cf5c) Importer(815301076,1909f56bfc062723c751e8b465ee728b)  -> (artifact id: '81feaf8f2da8eb6121d52f84b5c1a9db') in 0.013642 seconds 
========================================================================
Received Import Request.
  Time since last request: 0.000021 seconds.
  path: Assets/2D/Tiles/Gress 4.asset
  artifactKey: Guid(2ce60ecc2c2c51741a639388e7f867f4) Importer(815301076,1909f56bfc062723c751e8b465ee728b)
Start importing Assets/2D/Tiles/Gress 4.asset using Guid(2ce60ecc2c2c51741a639388e7f867f4) Importer(815301076,1909f56bfc062723c751e8b465ee728b)  -> (artifact id: '521270f003082fbe57bf516d96757e1c') in 0.016937 seconds 
========================================================================
Received Import Request.
  Time since last request: 0.000024 seconds.
  path: Assets/2D/Tiles/House B3.asset
  artifactKey: Guid(e192a38b9a09f0043b9b8d673d63fca7) Importer(815301076,1909f56bfc062723c751e8b465ee728b)
Start importing Assets/2D/Tiles/House B3.asset using Guid(e192a38b9a09f0043b9b8d673d63fca7) Importer(815301076,1909f56bfc062723c751e8b465ee728b)  -> (artifact id: '85b75afbb6c3da36f14c726cd8ffe9c1') in 0.015219 seconds 
========================================================================
Received Import Request.
  Time since last request: 0.000021 seconds.
  path: Assets/2D/Tiles/House B2.asset
  artifactKey: Guid(9b7a3a96a36ec2a428cc43471d6e72e5) Importer(815301076,1909f56bfc062723c751e8b465ee728b)
Start importing Assets/2D/Tiles/House B2.asset using Guid(9b7a3a96a36ec2a428cc43471d6e72e5) Importer(815301076,1909f56bfc062723c751e8b465ee728b)  -> (artifact id: '846885954428002a1514d38ebe408c72') in 0.013626 seconds 
========================================================================
Received Import Request.
  Time since last request: 0.302888 seconds.
  path: Assets/2D/Tiles/House B4.asset
  artifactKey: Guid(9b527582330f5a24a837283ff34e7f1d) Importer(815301076,1909f56bfc062723c751e8b465ee728b)
Start importing Assets/2D/Tiles/House B4.asset using Guid(9b527582330f5a24a837283ff34e7f1d) Importer(815301076,1909f56bfc062723c751e8b465ee728b)  -> (artifact id: 'c868c0005834be28820ba7f67ef51477') in 0.015731 seconds 
========================================================================
Received Import Request.
  Time since last request: 0.000027 seconds.
  path: Assets/2D/Tiles/Soil 0.asset
  artifactKey: Guid(d9e092b69bda12344bd3b138886630d1) Importer(815301076,1909f56bfc062723c751e8b465ee728b)
Start importing Assets/2D/Tiles/Soil 0.asset using Guid(d9e092b69bda12344bd3b138886630d1) Importer(815301076,1909f56bfc062723c751e8b465ee728b)  -> (artifact id: 'ccb7f03e21865da31e98eee87251cd16') in 0.016016 seconds 
========================================================================
Received Import Request.
  Time since last request: 0.000020 seconds.
  path: Assets/2D/Tiles/Tree 2.asset
  artifactKey: Guid(def70ce5aa963d847a71597b51d22447) Importer(815301076,1909f56bfc062723c751e8b465ee728b)
Start importing Assets/2D/Tiles/Tree 2.asset using Guid(def70ce5aa963d847a71597b51d22447) Importer(815301076,1909f56bfc062723c751e8b465ee728b)  -> (artifact id: '2d0b4a7dd26b824e6bacd4da70b41b68') in 0.015582 seconds 
========================================================================
Received Import Request.
  Time since last request: 0.000045 seconds.
  path: Assets/2D/Tiles/Water 5.asset
  artifactKey: Guid(4e6c9e872697c1542bbe5e9ae4906aab) Importer(815301076,1909f56bfc062723c751e8b465ee728b)
Start importing Assets/2D/Tiles/Water 5.asset using Guid(4e6c9e872697c1542bbe5e9ae4906aab) Importer(815301076,1909f56bfc062723c751e8b465ee728b)  -> (artifact id: 'c99006b70f0e08c16f5d9efd3278901f') in 0.016661 seconds 
========================================================================
Received Import Request.
  Time since last request: 0.000024 seconds.
  path: Assets/2D/Tiles/Soil 5.asset
  artifactKey: Guid(537be37ce8e1ac047a29665126262e04) Importer(815301076,1909f56bfc062723c751e8b465ee728b)
Start importing Assets/2D/Tiles/Soil 5.asset using Guid(537be37ce8e1ac047a29665126262e04) Importer(815301076,1909f56bfc062723c751e8b465ee728b)  -> (artifact id: 'ce6d0265230f9f97e31a5c2d8a317523') in 0.015631 seconds 
========================================================================
Received Import Request.
  Time since last request: 0.000040 seconds.
  path: Assets/2D/Tiles/Wall 3.asset
  artifactKey: Guid(31c14dfd468016146b656578f585a7cc) Importer(815301076,1909f56bfc062723c751e8b465ee728b)
Start importing Assets/2D/Tiles/Wall 3.asset using Guid(31c14dfd468016146b656578f585a7cc) Importer(815301076,1909f56bfc062723c751e8b465ee728b)  -> (artifact id: 'b09e4f5747a3240cb2a0411c00a82da0') in 0.014875 seconds 
========================================================================
Received Import Request.
  Time since last request: 0.000018 seconds.
  path: Assets/2D/Tiles/Water 1.asset
  artifactKey: Guid(0e8d08275c95c8e4cb7df2e13baa9a88) Importer(815301076,1909f56bfc062723c751e8b465ee728b)
Start importing Assets/2D/Tiles/Water 1.asset using Guid(0e8d08275c95c8e4cb7df2e13baa9a88) Importer(815301076,1909f56bfc062723c751e8b465ee728b)  -> (artifact id: 'ce7677535444018dbe25e58fee1d732b') in 0.013646 seconds 
========================================================================
Received Import Request.
  Time since last request: 0.000033 seconds.
  path: Assets/2D/Tiles/Water 8.asset
  artifactKey: Guid(59868027d1c2a9e489e3f5b89c0ac77e) Importer(815301076,1909f56bfc062723c751e8b465ee728b)
Start importing Assets/2D/Tiles/Water 8.asset using Guid(59868027d1c2a9e489e3f5b89c0ac77e) Importer(815301076,1909f56bfc062723c751e8b465ee728b)  -> (artifact id: '40d7abe47b5876549cb99ac53eb814fe') in 0.023882 seconds 
========================================================================
Received Import Request.
  Time since last request: 0.000023 seconds.
  path: Assets/2D/Tiles/Tree 3.asset
  artifactKey: Guid(e4e980f2d6d872842ae27dab79987899) Importer(815301076,1909f56bfc062723c751e8b465ee728b)
Start importing Assets/2D/Tiles/Tree 3.asset using Guid(e4e980f2d6d872842ae27dab79987899) Importer(815301076,1909f56bfc062723c751e8b465ee728b)  -> (artifact id: '4d443d1f7c96a9842078840032d7330c') in 0.012571 seconds 
========================================================================
Received Import Request.
  Time since last request: 0.000023 seconds.
  path: Assets/2D/Tiles/Water 0.asset
  artifactKey: Guid(6871841041e10bd4b8cad0e256897824) Importer(815301076,1909f56bfc062723c751e8b465ee728b)
Start importing Assets/2D/Tiles/Water 0.asset using Guid(6871841041e10bd4b8cad0e256897824) Importer(815301076,1909f56bfc062723c751e8b465ee728b)  -> (artifact id: 'be4a317d6b1fefa804f63c63723b60f9') in 0.012790 seconds 
========================================================================
Received Import Request.
  Time since last request: 0.000025 seconds.
  path: Assets/2D/Tiles/Plant 1.asset
  artifactKey: Guid(be1c16f41dfb7184783f4efcd90c38c3) Importer(815301076,1909f56bfc062723c751e8b465ee728b)
Start importing Assets/2D/Tiles/Plant 1.asset using Guid(be1c16f41dfb7184783f4efcd90c38c3) Importer(815301076,1909f56bfc062723c751e8b465ee728b)  -> (artifact id: '1527c64a2ba9d36344e9bbf4c487fae7') in 0.013861 seconds 
========================================================================
Received Import Request.
  Time since last request: 0.000023 seconds.
  path: Assets/2D/Tiles/Plant 0.asset
  artifactKey: Guid(00afde464fbbbd54dab983f55f30cfb9) Importer(815301076,1909f56bfc062723c751e8b465ee728b)
Start importing Assets/2D/Tiles/Plant 0.asset using Guid(00afde464fbbbd54dab983f55f30cfb9) Importer(815301076,1909f56bfc062723c751e8b465ee728b)  -> (artifact id: 'e9849e1b4e9b24158e51e1b7a5ce90a0') in 0.024721 seconds 
========================================================================
Received Import Request.
  Time since last request: 0.000048 seconds.
  path: Assets/2D/Tiles/Soil 1.asset
  artifactKey: Guid(285ac57fc85552b4995561f2a46d00bf) Importer(815301076,1909f56bfc062723c751e8b465ee728b)
Start importing Assets/2D/Tiles/Soil 1.asset using Guid(285ac57fc85552b4995561f2a46d00bf) Importer(815301076,1909f56bfc062723c751e8b465ee728b)  -> (artifact id: 'ba9fb81952918d792eff2eb125885dd4') in 0.014533 seconds 
========================================================================
Received Import Request.
  Time since last request: 0.000023 seconds.
  path: Assets/2D/Tiles/Soil 7.asset
  artifactKey: Guid(a676dd8a9d40cbf499869a51e1e6cd89) Importer(815301076,1909f56bfc062723c751e8b465ee728b)
Start importing Assets/2D/Tiles/Soil 7.asset using Guid(a676dd8a9d40cbf499869a51e1e6cd89) Importer(815301076,1909f56bfc062723c751e8b465ee728b)  -> (artifact id: 'ea9d494ba750488523c71795bfc37582') in 0.013479 seconds 
========================================================================
Received Import Request.
  Time since last request: 0.000022 seconds.
  path: Assets/2D/Tiles/Wall 1.asset
  artifactKey: Guid(dd78b42445bd2fd499415ca7a7f2bd50) Importer(815301076,1909f56bfc062723c751e8b465ee728b)
Start importing Assets/2D/Tiles/Wall 1.asset using Guid(dd78b42445bd2fd499415ca7a7f2bd50) Importer(815301076,1909f56bfc062723c751e8b465ee728b)  -> (artifact id: '12e4b4ad174af55ec59eb8fefff4b10d') in 0.013511 seconds 
========================================================================
Received Import Request.
  Time since last request: 0.000023 seconds.
  path: Assets/2D/Tiles/Wall 0.asset
  artifactKey: Guid(0af617adb447ee848b89f1d9790ea4ff) Importer(815301076,1909f56bfc062723c751e8b465ee728b)
Start importing Assets/2D/Tiles/Wall 0.asset using Guid(0af617adb447ee848b89f1d9790ea4ff) Importer(815301076,1909f56bfc062723c751e8b465ee728b)  -> (artifact id: 'b64962575ef44549d1afa693022ad556') in 0.012962 seconds 
========================================================================
Received Import Request.
  Time since last request: 0.000034 seconds.
  path: Assets/2D/Tiles/Water 2.asset
  artifactKey: Guid(c5b3ab03afd7c4d49ab8fc9b1d388d10) Importer(815301076,1909f56bfc062723c751e8b465ee728b)
Start importing Assets/2D/Tiles/Water 2.asset using Guid(c5b3ab03afd7c4d49ab8fc9b1d388d10) Importer(815301076,1909f56bfc062723c751e8b465ee728b)  -> (artifact id: 'aacf7e4d3cf83d4aa395033481bf2804') in 0.010667 seconds 
========================================================================
Received Import Request.
  Time since last request: 18.954069 seconds.
  path: Assets/2D/Tiles/RT_Grass.asset
  artifactKey: Guid(13d4821bcb7cfb3438d26dc19ddbe538) Importer(815301076,1909f56bfc062723c751e8b465ee728b)
Start importing Assets/2D/Tiles/RT_Grass.asset using Guid(13d4821bcb7cfb3438d26dc19ddbe538) Importer(815301076,1909f56bfc062723c751e8b465ee728b)  -> (artifact id: '2a39131a9055f7d1ad058550ca6eadb5') in 0.019002 seconds 
========================================================================
Received Import Request.
  Time since last request: 289.533145 seconds.
  path: Assets/2D/roll-n-die-palette.prefab
  artifactKey: Guid(439d8d60b5e761f49a96ba1d6894254d) Importer(815301076,1909f56bfc062723c751e8b465ee728b)
Start importing Assets/2D/roll-n-die-palette.prefab using Guid(439d8d60b5e761f49a96ba1d6894254d) Importer(815301076,1909f56bfc062723c751e8b465ee728b)  -> (artifact id: 'c945604dad73730f2d4a7438b726ac89') in 0.068286 seconds 
========================================================================
Received Import Request.
  Time since last request: 81.521324 seconds.
  path: Assets/2D/roll-n-die-palette.prefab
  artifactKey: Guid(439d8d60b5e761f49a96ba1d6894254d) Importer(815301076,1909f56bfc062723c751e8b465ee728b)
Start importing Assets/2D/roll-n-die-palette.prefab using Guid(439d8d60b5e761f49a96ba1d6894254d) Importer(815301076,1909f56bfc062723c751e8b465ee728b)  -> (artifact id: '208212476447517a9f9b088ac04f4bdf') in 0.032882 seconds 
========================================================================
Received Import Request.
  Time since last request: 23.299107 seconds.
  path: Assets/2D/roll-n-die-palette.prefab
  artifactKey: Guid(439d8d60b5e761f49a96ba1d6894254d) Importer(815301076,1909f56bfc062723c751e8b465ee728b)
Start importing Assets/2D/roll-n-die-palette.prefab using Guid(439d8d60b5e761f49a96ba1d6894254d) Importer(815301076,1909f56bfc062723c751e8b465ee728b)  -> (artifact id: 'f0561090f8117ec7f278e38bc7a76471') in 0.028458 seconds 
========================================================================
Received Import Request.
  Time since last request: 97.792613 seconds.
  path: Assets/2D/Tiles/Ruled Tiles/RT_Grass 1.asset
  artifactKey: Guid(db0435f7bbd2dc145ae2ed4fa1b6f764) Importer(815301076,1909f56bfc062723c751e8b465ee728b)
Start importing Assets/2D/Tiles/Ruled Tiles/RT_Grass 1.asset using Guid(db0435f7bbd2dc145ae2ed4fa1b6f764) Importer(815301076,1909f56bfc062723c751e8b465ee728b)  -> (artifact id: '6e83b6064bf72870cdf23df14a3ace83') in 0.017631 seconds 
========================================================================
Received Import Request.
  Time since last request: 3.796744 seconds.
  path: Assets/2D/Tiles/Ruled Tiles/RT_Soil.asset
  artifactKey: Guid(db0435f7bbd2dc145ae2ed4fa1b6f764) Importer(815301076,1909f56bfc062723c751e8b465ee728b)
Start importing Assets/2D/Tiles/Ruled Tiles/RT_Soil.asset using Guid(db0435f7bbd2dc145ae2ed4fa1b6f764) Importer(815301076,1909f56bfc062723c751e8b465ee728b)  -> (artifact id: '1de998f4530619140d7b3eaeaa5707be') in 0.012430 seconds 
========================================================================
Received Import Request.
  Time since last request: 1.300400 seconds.
  path: Assets/2D/Tiles/Ruled Tiles/RT_Soil 1.asset
  artifactKey: Guid(dc72e9b78bf090341b83e57fb2243577) Importer(815301076,1909f56bfc062723c751e8b465ee728b)
Start importing Assets/2D/Tiles/Ruled Tiles/RT_Soil 1.asset using Guid(dc72e9b78bf090341b83e57fb2243577) Importer(815301076,1909f56bfc062723c751e8b465ee728b)  -> (artifact id: '4147db88d84928dcb228a9722d79a27b') in 0.014373 seconds 
========================================================================
Received Import Request.
  Time since last request: 4.884471 seconds.
  path: Assets/2D/Tiles/Ruled Tiles/RT_Water.asset
  artifactKey: Guid(dc72e9b78bf090341b83e57fb2243577) Importer(815301076,1909f56bfc062723c751e8b465ee728b)
Start importing Assets/2D/Tiles/Ruled Tiles/RT_Water.asset using Guid(dc72e9b78bf090341b83e57fb2243577) Importer(815301076,1909f56bfc062723c751e8b465ee728b)  -> (artifact id: 'd9faeb55881e8e609499eac07d8bdea6') in 0.011738 seconds 
========================================================================
Received Import Request.
  Time since last request: 216.933836 seconds.
  path: Assets/2D/roll-n-die-palette.prefab
  artifactKey: Guid(439d8d60b5e761f49a96ba1d6894254d) Importer(815301076,1909f56bfc062723c751e8b465ee728b)
Start importing Assets/2D/roll-n-die-palette.prefab using Guid(439d8d60b5e761f49a96ba1d6894254d) Importer(815301076,1909f56bfc062723c751e8b465ee728b)  -> (artifact id: 'd46275654d74c7075613d44a37d996b9') in 0.042712 seconds 
========================================================================
Received Import Request.
  Time since last request: 3.640729 seconds.
  path: Assets/2D/Tiles/Ruled Tiles
  artifactKey: Guid(1991269d4e956e64394ff9c2051927f8) Importer(815301076,1909f56bfc062723c751e8b465ee728b)
Start importing Assets/2D/Tiles/Ruled Tiles using Guid(1991269d4e956e64394ff9c2051927f8) Importer(815301076,1909f56bfc062723c751e8b465ee728b)  -> (artifact id: 'b025e9318f578a789c33ed08ccd5e7e7') in 0.008926 seconds 
========================================================================
Received Import Request.
  Time since last request: 92.596624 seconds.
  path: Assets/2D/Tiles/Ruled Tiles/AT_FlowerA.asset
  artifactKey: Guid(76685a201ed2478479a98b2e32a88be7) Importer(815301076,1909f56bfc062723c751e8b465ee728b)
Start importing Assets/2D/Tiles/Ruled Tiles/AT_FlowerA.asset using Guid(76685a201ed2478479a98b2e32a88be7) Importer(815301076,1909f56bfc062723c751e8b465ee728b)  -> (artifact id: 'c01ce9e2fbe0f83ae55aba9509b7f5f5') in 0.008030 seconds 
========================================================================
Received Import Request.
  Time since last request: 13.640239 seconds.
  path: Assets/Bolt 2D JellyFarm VE2
  artifactKey: Guid(58bf8779bd2eb5c45be7840bdfd421ed) Importer(815301076,1909f56bfc062723c751e8b465ee728b)
Start importing Assets/Bolt 2D JellyFarm VE2 using Guid(58bf8779bd2eb5c45be7840bdfd421ed) Importer(815301076,1909f56bfc062723c751e8b465ee728b)  -> (artifact id: '1e9c4ac47d759eb6e6424e0d8a17d355') in 0.007894 seconds 
========================================================================
Received Prepare
Registering precompiled user dll's ...
Registered in 0.005078 seconds.
Begin MonoManager ReloadAssembly
Symbol file LoadedFromMemory doesn't match image N:\1. Project\GMTK-JAM-2022\Roll-n-Die\Library\PackageCache\com.unity.visualscripting@1.7.8\Editor\VisualScripting.Core\Dependencies\YamlDotNet\Unity.VisualScripting.YamlDotNet.dll
Symbol file LoadedFromMemory doesn't match image N:\1. Project\GMTK-JAM-2022\Roll-n-Die\Library\PackageCache\com.unity.visualscripting@1.7.8\Editor\VisualScripting.Core\Dependencies\DotNetZip\Unity.VisualScripting.IonicZip.dll
Native extension for WindowsStandalone target not found
Native extension for WebGL target not found
Refreshing native plugins compatible for Editor in 0.87 ms, found 3 plugins.
Preloading 0 native plugins for Editor in 0.00 ms.
Mono: successfully reloaded assembly
- Completed reload, in  1.578 seconds
Domain Reload Profiling:
	ReloadAssembly (1578ms)
		BeginReloadAssembly (170ms)
			ExecutionOrderSort (0ms)
			DisableScriptedObjects (7ms)
			BackupInstance (0ms)
			ReleaseScriptingObjects (0ms)
			CreateAndSetChildDomain (52ms)
		EndReloadAssembly (1268ms)
			LoadAssemblies (99ms)
			RebuildTransferFunctionScriptingTraits (0ms)
			SetupTypeCache (420ms)
			ReleaseScriptCaches (2ms)
			RebuildScriptCaches (80ms)
			SetupLoadedEditorAssemblies (567ms)
				LogAssemblyErrors (0ms)
				InitializePlatformSupportModulesInManaged (21ms)
				SetLoadedEditorAssemblies (1ms)
				RefreshPlugins (1ms)
				BeforeProcessingInitializeOnLoad (109ms)
				ProcessInitializeOnLoadAttributes (367ms)
				ProcessInitializeOnLoadMethodAttributes (63ms)
				AfterProcessingInitializeOnLoad (5ms)
				EditorAssembliesLoaded (0ms)
			ExecutionOrderSort2 (0ms)
			AwakeInstancesAfterBackupRestoration (15ms)
Platform modules already initialized, skipping
Refreshing native plugins compatible for Editor in 2.67 ms, found 3 plugins.
Preloading 0 native plugins for Editor in 0.00 ms.
Unloading 3551 Unused Serialized files (Serialized files now loaded: 0)
Unloading 20 unused Assets / (78.7 KB). Loaded Objects now: 4098.
Memory consumption went from 135.6 MB to 135.5 MB.
Total: 6.609400 ms (FindLiveObjects: 0.389500 ms CreateObjectMapping: 0.344000 ms MarkObjects: 5.757100 ms  DeleteObjects: 0.117700 ms)

AssetImportParameters requested are different than current active one (requested -> active):
  custom:video-decoder-ogg-theora: a1e56fd34408186e4bbccfd4996cb3dc -> 
  custom:container-muxer-webm: aa71ff27fc2769a1b78a27578f13a17b -> 
  custom:container-demuxer-webm: 4f35f7cbe854078d1ac9338744f61a02 -> 
  custom:video-encoder-webm-vp8: eb34c28f22e8b96e1ab97ce403110664 -> 
  custom:audio-encoder-webm-vorbis: bf7c407c2cedff20999df2af8eb42d56 -> 
  custom:framework-win-MediaFoundation: 216162199b28c13a410421893ffa2e32 -> 
  custom:container-demuxer-ogg: 62fdf1f143b41e24485cea50d1cbac27 -> 
  custom:video-decoder-webm-vp8: 9c59270c3fd7afecdb556c50c9e8de78 -> 
  custom:audio-decoder-ogg-vorbis: bf7c407c2cedff20999df2af8eb42d56 -> 
========================================================================
Received Prepare
Registering precompiled user dll's ...
Registered in 0.007254 seconds.
Begin MonoManager ReloadAssembly
Symbol file LoadedFromMemory doesn't match image N:\1. Project\GMTK-JAM-2022\Roll-n-Die\Library\PackageCache\com.unity.visualscripting@1.7.8\Editor\VisualScripting.Core\Dependencies\YamlDotNet\Unity.VisualScripting.YamlDotNet.dll
Symbol file LoadedFromMemory doesn't match image N:\1. Project\GMTK-JAM-2022\Roll-n-Die\Library\PackageCache\com.unity.visualscripting@1.7.8\Editor\VisualScripting.Core\Dependencies\DotNetZip\Unity.VisualScripting.IonicZip.dll
Native extension for WindowsStandalone target not found
Native extension for WebGL target not found
Refreshing native plugins compatible for Editor in 1.05 ms, found 3 plugins.
Preloading 0 native plugins for Editor in 0.00 ms.
Mono: successfully reloaded assembly
- Completed reload, in  1.439 seconds
Domain Reload Profiling:
	ReloadAssembly (1439ms)
		BeginReloadAssembly (175ms)
			ExecutionOrderSort (0ms)
			DisableScriptedObjects (10ms)
			BackupInstance (0ms)
			ReleaseScriptingObjects (0ms)
			CreateAndSetChildDomain (50ms)
		EndReloadAssembly (1148ms)
			LoadAssemblies (112ms)
			RebuildTransferFunctionScriptingTraits (0ms)
			SetupTypeCache (391ms)
			ReleaseScriptCaches (2ms)
			RebuildScriptCaches (75ms)
			SetupLoadedEditorAssemblies (494ms)
				LogAssemblyErrors (0ms)
				InitializePlatformSupportModulesInManaged (19ms)
				SetLoadedEditorAssemblies (1ms)
				RefreshPlugins (1ms)
				BeforeProcessingInitializeOnLoad (117ms)
				ProcessInitializeOnLoadAttributes (309ms)
				ProcessInitializeOnLoadMethodAttributes (43ms)
				AfterProcessingInitializeOnLoad (3ms)
				EditorAssembliesLoaded (0ms)
			ExecutionOrderSort2 (0ms)
			AwakeInstancesAfterBackupRestoration (13ms)
Platform modules already initialized, skipping
Refreshing native plugins compatible for Editor in 2.38 ms, found 3 plugins.
Preloading 0 native plugins for Editor in 0.00 ms.
Unloading 3551 Unused Serialized files (Serialized files now loaded: 0)
Unloading 20 unused Assets / (78.9 KB). Loaded Objects now: 4101.
Memory consumption went from 135.6 MB to 135.5 MB.
Total: 4.723400 ms (FindLiveObjects: 0.548100 ms CreateObjectMapping: 0.422700 ms MarkObjects: 3.638700 ms  DeleteObjects: 0.112700 ms)

AssetImportParameters requested are different than current active one (requested -> active):
  custom:video-decoder-ogg-theora: a1e56fd34408186e4bbccfd4996cb3dc -> 
  custom:container-muxer-webm: aa71ff27fc2769a1b78a27578f13a17b -> 
  custom:container-demuxer-webm: 4f35f7cbe854078d1ac9338744f61a02 -> 
  custom:video-encoder-webm-vp8: eb34c28f22e8b96e1ab97ce403110664 -> 
  custom:audio-encoder-webm-vorbis: bf7c407c2cedff20999df2af8eb42d56 -> 
  custom:framework-win-MediaFoundation: 216162199b28c13a410421893ffa2e32 -> 
  custom:container-demuxer-ogg: 62fdf1f143b41e24485cea50d1cbac27 -> 
  custom:video-decoder-webm-vp8: 9c59270c3fd7afecdb556c50c9e8de78 -> 
  custom:audio-decoder-ogg-vorbis: bf7c407c2cedff20999df2af8eb42d56 -> 
========================================================================
Received Import Request.
  Time since last request: 153.012119 seconds.
  path: Assets/2D/Tiles/Ruled Tiles/AT_FlowerA 1.asset
  artifactKey: Guid(86c5b5da0bf539c46a920fd51732bda3) Importer(815301076,1909f56bfc062723c751e8b465ee728b)
Start importing Assets/2D/Tiles/Ruled Tiles/AT_FlowerA 1.asset using Guid(86c5b5da0bf539c46a920fd51732bda3) Importer(815301076,1909f56bfc062723c751e8b465ee728b)  -> (artifact id: '0441f3a62621d294b3f990303921d48d') in 0.028511 seconds 
========================================================================
Received Import Request.
  Time since last request: 7.643939 seconds.
  path: Assets/2D/Tiles/Ruled Tiles/AT_FlowerB.asset
  artifactKey: Guid(86c5b5da0bf539c46a920fd51732bda3) Importer(815301076,1909f56bfc062723c751e8b465ee728b)
Start importing Assets/2D/Tiles/Ruled Tiles/AT_FlowerB.asset using Guid(86c5b5da0bf539c46a920fd51732bda3) Importer(815301076,1909f56bfc062723c751e8b465ee728b)  -> (artifact id: 'b18ddf4ee0ebad9e7c95f0cf6c49f322') in 0.008016 seconds 
========================================================================
Received Import Request.
  Time since last request: 44.406020 seconds.
  path: Assets/2D/Tiles/Ruled Tiles/AT_Grass.asset
  artifactKey: Guid(6cf7a3b5a9ce61742906334de22f96f5) Importer(815301076,1909f56bfc062723c751e8b465ee728b)
Start importing Assets/2D/Tiles/Ruled Tiles/AT_Grass.asset using Guid(6cf7a3b5a9ce61742906334de22f96f5) Importer(815301076,1909f56bfc062723c751e8b465ee728b)  -> (artifact id: 'eeeb09b02c07db12efdbaf005f3ee447') in 0.008621 seconds 
========================================================================
Received Prepare
Registering precompiled user dll's ...
Registered in 0.005831 seconds.
Begin MonoManager ReloadAssembly
Symbol file LoadedFromMemory doesn't match image N:\1. Project\GMTK-JAM-2022\Roll-n-Die\Library\PackageCache\com.unity.visualscripting@1.7.8\Editor\VisualScripting.Core\Dependencies\YamlDotNet\Unity.VisualScripting.YamlDotNet.dll
Symbol file LoadedFromMemory doesn't match image N:\1. Project\GMTK-JAM-2022\Roll-n-Die\Library\PackageCache\com.unity.visualscripting@1.7.8\Editor\VisualScripting.Core\Dependencies\DotNetZip\Unity.VisualScripting.IonicZip.dll
Native extension for WindowsStandalone target not found
Native extension for WebGL target not found
Refreshing native plugins compatible for Editor in 1.34 ms, found 3 plugins.
Preloading 0 native plugins for Editor in 0.00 ms.
Mono: successfully reloaded assembly
- Completed reload, in  1.697 seconds
Domain Reload Profiling:
	ReloadAssembly (1699ms)
		BeginReloadAssembly (171ms)
			ExecutionOrderSort (0ms)
			DisableScriptedObjects (11ms)
			BackupInstance (0ms)
			ReleaseScriptingObjects (0ms)
			CreateAndSetChildDomain (55ms)
		EndReloadAssembly (1408ms)
			LoadAssemblies (99ms)
			RebuildTransferFunctionScriptingTraits (0ms)
			SetupTypeCache (499ms)
			ReleaseScriptCaches (2ms)
			RebuildScriptCaches (74ms)
			SetupLoadedEditorAssemblies (645ms)
				LogAssemblyErrors (0ms)
				InitializePlatformSupportModulesInManaged (22ms)
				SetLoadedEditorAssemblies (1ms)
				RefreshPlugins (1ms)
				BeforeProcessingInitializeOnLoad (123ms)
				ProcessInitializeOnLoadAttributes (437ms)
				ProcessInitializeOnLoadMethodAttributes (56ms)
				AfterProcessingInitializeOnLoad (5ms)
				EditorAssembliesLoaded (0ms)
			ExecutionOrderSort2 (0ms)
			AwakeInstancesAfterBackupRestoration (17ms)
Platform modules already initialized, skipping
Refreshing native plugins compatible for Editor in 2.71 ms, found 3 plugins.
Preloading 0 native plugins for Editor in 0.00 ms.
Unloading 3551 Unused Serialized files (Serialized files now loaded: 0)
Unloading 20 unused Assets / (78.8 KB). Loaded Objects now: 4104.
Memory consumption went from 135.6 MB to 135.6 MB.
Total: 3.913600 ms (FindLiveObjects: 0.472300 ms CreateObjectMapping: 0.246600 ms MarkObjects: 3.099000 ms  DeleteObjects: 0.094500 ms)

AssetImportParameters requested are different than current active one (requested -> active):
  custom:video-decoder-ogg-theora: a1e56fd34408186e4bbccfd4996cb3dc -> 
  custom:container-muxer-webm: aa71ff27fc2769a1b78a27578f13a17b -> 
  custom:container-demuxer-webm: 4f35f7cbe854078d1ac9338744f61a02 -> 
  custom:video-encoder-webm-vp8: eb34c28f22e8b96e1ab97ce403110664 -> 
  custom:audio-encoder-webm-vorbis: bf7c407c2cedff20999df2af8eb42d56 -> 
  custom:framework-win-MediaFoundation: 216162199b28c13a410421893ffa2e32 -> 
  custom:container-demuxer-ogg: 62fdf1f143b41e24485cea50d1cbac27 -> 
  custom:video-decoder-webm-vp8: 9c59270c3fd7afecdb556c50c9e8de78 -> 
  custom:audio-decoder-ogg-vorbis: bf7c407c2cedff20999df2af8eb42d56 -> 
========================================================================
Received Prepare
Registering precompiled user dll's ...
Registered in 0.004750 seconds.
Begin MonoManager ReloadAssembly
Symbol file LoadedFromMemory doesn't match image N:\1. Project\GMTK-JAM-2022\Roll-n-Die\Library\PackageCache\com.unity.visualscripting@1.7.8\Editor\VisualScripting.Core\Dependencies\YamlDotNet\Unity.VisualScripting.YamlDotNet.dll
Symbol file LoadedFromMemory doesn't match image N:\1. Project\GMTK-JAM-2022\Roll-n-Die\Library\PackageCache\com.unity.visualscripting@1.7.8\Editor\VisualScripting.Core\Dependencies\DotNetZip\Unity.VisualScripting.IonicZip.dll
Native extension for WindowsStandalone target not found
Native extension for WebGL target not found
Refreshing native plugins compatible for Editor in 0.63 ms, found 3 plugins.
Preloading 0 native plugins for Editor in 0.00 ms.
Mono: successfully reloaded assembly
- Completed reload, in  1.546 seconds
Domain Reload Profiling:
	ReloadAssembly (1547ms)
		BeginReloadAssembly (171ms)
			ExecutionOrderSort (0ms)
			DisableScriptedObjects (10ms)
			BackupInstance (0ms)
			ReleaseScriptingObjects (0ms)
			CreateAndSetChildDomain (55ms)
		EndReloadAssembly (1249ms)
			LoadAssemblies (99ms)
			RebuildTransferFunctionScriptingTraits (0ms)
			SetupTypeCache (406ms)
			ReleaseScriptCaches (2ms)
			RebuildScriptCaches (81ms)
			SetupLoadedEditorAssemblies (579ms)
				LogAssemblyErrors (0ms)
				InitializePlatformSupportModulesInManaged (20ms)
				SetLoadedEditorAssemblies (1ms)
				RefreshPlugins (1ms)
				BeforeProcessingInitializeOnLoad (91ms)
				ProcessInitializeOnLoadAttributes (408ms)
				ProcessInitializeOnLoadMethodAttributes (54ms)
				AfterProcessingInitializeOnLoad (5ms)
				EditorAssembliesLoaded (0ms)
			ExecutionOrderSort2 (0ms)
			AwakeInstancesAfterBackupRestoration (17ms)
Platform modules already initialized, skipping
Refreshing native plugins compatible for Editor in 2.33 ms, found 3 plugins.
Preloading 0 native plugins for Editor in 0.00 ms.
Unloading 3551 Unused Serialized files (Serialized files now loaded: 0)
Unloading 20 unused Assets / (78.9 KB). Loaded Objects now: 4107.
Memory consumption went from 135.6 MB to 135.6 MB.
Total: 3.210700 ms (FindLiveObjects: 0.294600 ms CreateObjectMapping: 0.197700 ms MarkObjects: 2.616500 ms  DeleteObjects: 0.100800 ms)

AssetImportParameters requested are different than current active one (requested -> active):
  custom:video-decoder-ogg-theora: a1e56fd34408186e4bbccfd4996cb3dc -> 
  custom:container-muxer-webm: aa71ff27fc2769a1b78a27578f13a17b -> 
  custom:container-demuxer-webm: 4f35f7cbe854078d1ac9338744f61a02 -> 
  custom:video-encoder-webm-vp8: eb34c28f22e8b96e1ab97ce403110664 -> 
  custom:audio-encoder-webm-vorbis: bf7c407c2cedff20999df2af8eb42d56 -> 
  custom:framework-win-MediaFoundation: 216162199b28c13a410421893ffa2e32 -> 
  custom:container-demuxer-ogg: 62fdf1f143b41e24485cea50d1cbac27 -> 
  custom:video-decoder-webm-vp8: 9c59270c3fd7afecdb556c50c9e8de78 -> 
  custom:audio-decoder-ogg-vorbis: bf7c407c2cedff20999df2af8eb42d56 -> 
========================================================================
Received Import Request.
  Time since last request: 135.506570 seconds.
  path: Assets/2D/Tiles/Ruled Tiles/RT_Water 1.asset
  artifactKey: Guid(1ee04b969f65a0742aa8570e60094251) Importer(815301076,1909f56bfc062723c751e8b465ee728b)
Start importing Assets/2D/Tiles/Ruled Tiles/RT_Water 1.asset using Guid(1ee04b969f65a0742aa8570e60094251) Importer(815301076,1909f56bfc062723c751e8b465ee728b)  -> (artifact id: 'c3b60f2970b13b11c403d9088742fd34') in 0.082026 seconds 
========================================================================
Received Import Request.
  Time since last request: 4.461027 seconds.
  path: Assets/2D/Tiles/Ruled Tiles/RT_Wall.asset
  artifactKey: Guid(1ee04b969f65a0742aa8570e60094251) Importer(815301076,1909f56bfc062723c751e8b465ee728b)
Start importing Assets/2D/Tiles/Ruled Tiles/RT_Wall.asset using Guid(1ee04b969f65a0742aa8570e60094251) Importer(815301076,1909f56bfc062723c751e8b465ee728b)  -> (artifact id: 'c03b8edc072c4d9b158ca65120ba5fd7') in 0.014458 seconds 
========================================================================
Received Import Request.
  Time since last request: 155.544884 seconds.
  path: Assets/2D/Tiles/Ruled Tiles/RT_Water.asset
  artifactKey: Guid(dc72e9b78bf090341b83e57fb2243577) Importer(815301076,1909f56bfc062723c751e8b465ee728b)
Start importing Assets/2D/Tiles/Ruled Tiles/RT_Water.asset using Guid(dc72e9b78bf090341b83e57fb2243577) Importer(815301076,1909f56bfc062723c751e8b465ee728b)  -> (artifact id: 'b8db5795982931f5c2ef9535af7212b1') in 0.011912 seconds 
========================================================================
Received Import Request.
  Time since last request: 0.902972 seconds.
  path: Assets/2D/Tiles/Ruled Tiles/RT_Soil.asset
  artifactKey: Guid(db0435f7bbd2dc145ae2ed4fa1b6f764) Importer(815301076,1909f56bfc062723c751e8b465ee728b)
Start importing Assets/2D/Tiles/Ruled Tiles/RT_Soil.asset using Guid(db0435f7bbd2dc145ae2ed4fa1b6f764) Importer(815301076,1909f56bfc062723c751e8b465ee728b)  -> (artifact id: 'dc0822de753929823eeee306aab172e9') in 0.013066 seconds 
========================================================================
Received Import Request.
  Time since last request: 11.299952 seconds.
  path: Assets/2D/Tiles/Ruled Tiles/RT_Wall.asset
  artifactKey: Guid(1ee04b969f65a0742aa8570e60094251) Importer(815301076,1909f56bfc062723c751e8b465ee728b)
Start importing Assets/2D/Tiles/Ruled Tiles/RT_Wall.asset using Guid(1ee04b969f65a0742aa8570e60094251) Importer(815301076,1909f56bfc062723c751e8b465ee728b)  -> (artifact id: 'e6cf8fca38cdd721b2524e6f8f436178') in 0.008036 seconds 
========================================================================
Received Import Request.
  Time since last request: 517.186545 seconds.
  path: Assets/Bolt 2D JellyFarm VE2/Particles
  artifactKey: Guid(d6ed317d3b4472b4da2ac0cf7f331016) Importer(815301076,1909f56bfc062723c751e8b465ee728b)
Start importing Assets/Bolt 2D JellyFarm VE2/Particles using Guid(d6ed317d3b4472b4da2ac0cf7f331016) Importer(815301076,1909f56bfc062723c751e8b465ee728b)  -> (artifact id: '4a57d5816e23818dd4b93ed18a93b1aa') in 0.009373 seconds 
========================================================================
Received Import Request.
  Time since last request: 2.631459 seconds.
  path: Assets/Bolt 2D JellyFarm VE2/Animations
  artifactKey: Guid(ecb29f6b340844b4b801257686a66cb0) Importer(815301076,1909f56bfc062723c751e8b465ee728b)
Start importing Assets/Bolt 2D JellyFarm VE2/Animations using Guid(ecb29f6b340844b4b801257686a66cb0) Importer(815301076,1909f56bfc062723c751e8b465ee728b)  -> (artifact id: 'ef2fd588424af688b2d2d0e4173c77be') in 0.009697 seconds 
========================================================================
Received Import Request.
  Time since last request: 4.899540 seconds.
  path: Assets/Bolt 2D JellyFarm VE2/Sprites
  artifactKey: Guid(350932cf8d63c3749888c39ec9766d78) Importer(815301076,1909f56bfc062723c751e8b465ee728b)
Start importing Assets/Bolt 2D JellyFarm VE2/Sprites using Guid(350932cf8d63c3749888c39ec9766d78) Importer(815301076,1909f56bfc062723c751e8b465ee728b)  -> (artifact id: '0256cef08e9ece615643051d4dd76a70') in 0.008109 seconds 
========================================================================
Received Import Request.
  Time since last request: 1.152184 seconds.
  path: Assets/Bolt 2D JellyFarm VE2/Sprites/InGame
  artifactKey: Guid(8a324cc9b1aa54549bff795a555f4b6a) Importer(815301076,1909f56bfc062723c751e8b465ee728b)
Start importing Assets/Bolt 2D JellyFarm VE2/Sprites/InGame using Guid(8a324cc9b1aa54549bff795a555f4b6a) Importer(815301076,1909f56bfc062723c751e8b465ee728b)  -> (artifact id: 'e293869d39aed64ec2e7ee6d6553674d') in 0.009355 seconds 
========================================================================
Received Import Request.
  Time since last request: 0.046034 seconds.
  path: Assets/Bolt 2D JellyFarm VE2/Sprites/InGame/Cloud A.png
  artifactKey: Guid(d9ee53f3733530547a8518461bfcad64) Importer(815301076,1909f56bfc062723c751e8b465ee728b)
Start importing Assets/Bolt 2D JellyFarm VE2/Sprites/InGame/Cloud A.png using Guid(d9ee53f3733530547a8518461bfcad64) Importer(815301076,1909f56bfc062723c751e8b465ee728b)  -> (artifact id: '20959d1cd86e45d427aedfb58f7f8220') in 0.148488 seconds 
========================================================================
Received Import Request.
  Time since last request: 0.000021 seconds.
  path: Assets/Bolt 2D JellyFarm VE2/Sprites/InGame/Sky.png
  artifactKey: Guid(35516b8eb72b7f94ca71644372720eab) Importer(815301076,1909f56bfc062723c751e8b465ee728b)
Start importing Assets/Bolt 2D JellyFarm VE2/Sprites/InGame/Sky.png using Guid(35516b8eb72b7f94ca71644372720eab) Importer(815301076,1909f56bfc062723c751e8b465ee728b)  -> (artifact id: 'dfbaac1ac33a3b6ea6ab79f210220424') in 0.092249 seconds 
========================================================================
Received Import Request.
  Time since last request: 0.000026 seconds.
  path: Assets/Bolt 2D JellyFarm VE2/Sprites/InGame/Jelly 5.png
  artifactKey: Guid(b8fd21ad16123364aaee0da8f1b3746b) Importer(815301076,1909f56bfc062723c751e8b465ee728b)
Start importing Assets/Bolt 2D JellyFarm VE2/Sprites/InGame/Jelly 5.png using Guid(b8fd21ad16123364aaee0da8f1b3746b) Importer(815301076,1909f56bfc062723c751e8b465ee728b)  -> (artifact id: '2e8f42a48ff52faa0f0a6ec89c18bb8c') in 0.052900 seconds 
========================================================================
Received Import Request.
  Time since last request: 0.000033 seconds.
  path: Assets/Bolt 2D JellyFarm VE2/Sprites/InGame/Jelly 2.png
  artifactKey: Guid(590b73e132435194da7d40dc8a3816f0) Importer(815301076,1909f56bfc062723c751e8b465ee728b)
Start importing Assets/Bolt 2D JellyFarm VE2/Sprites/InGame/Jelly 2.png using Guid(590b73e132435194da7d40dc8a3816f0) Importer(815301076,1909f56bfc062723c751e8b465ee728b)  -> (artifact id: 'b04d23cd8d0ee2ade9f50e245b807946') in 0.055713 seconds 
========================================================================
Received Import Request.
  Time since last request: 0.000064 seconds.
  path: Assets/Bolt 2D JellyFarm VE2/Sprites/InGame/Jelly 3.png
  artifactKey: Guid(ce60f325abe16e1408f2d226e825c21a) Importer(815301076,1909f56bfc062723c751e8b465ee728b)
Start importing Assets/Bolt 2D JellyFarm VE2/Sprites/InGame/Jelly 3.png using Guid(ce60f325abe16e1408f2d226e825c21a) Importer(815301076,1909f56bfc062723c751e8b465ee728b)  -> (artifact id: '5cf1cf3563a116b4ab3335f77285c965') in 0.078754 seconds 
========================================================================
Received Import Request.
  Time since last request: 0.000025 seconds.
  path: Assets/Bolt 2D JellyFarm VE2/Sprites/InGame/Jelly 4.png
  artifactKey: Guid(230db3240b492574094d76e3dbd404a1) Importer(815301076,1909f56bfc062723c751e8b465ee728b)
Start importing Assets/Bolt 2D JellyFarm VE2/Sprites/InGame/Jelly 4.png using Guid(230db3240b492574094d76e3dbd404a1) Importer(815301076,1909f56bfc062723c751e8b465ee728b)  -> (artifact id: '73fe380029ed1a5fa3f80256c5007317') in 0.048823 seconds 
========================================================================
Received Import Request.
  Time since last request: 0.000035 seconds.
  path: Assets/Bolt 2D JellyFarm VE2/Sprites/InGame/Shin.png
  artifactKey: Guid(fe9a600e845b29d448bd73c0c4df6349) Importer(815301076,1909f56bfc062723c751e8b465ee728b)
Start importing Assets/Bolt 2D JellyFarm VE2/Sprites/InGame/Shin.png using Guid(fe9a600e845b29d448bd73c0c4df6349) Importer(815301076,1909f56bfc062723c751e8b465ee728b)  -> (artifact id: '61b4ce72e1a9254a05b60a83e26384cd') in 0.080822 seconds 
========================================================================
Received Import Request.
  Time since last request: 0.000030 seconds.
  path: Assets/Bolt 2D JellyFarm VE2/Sprites/InGame/Jelly 10.png
  artifactKey: Guid(7fd151f4d9de8de47a1d5abe6e506e83) Importer(815301076,1909f56bfc062723c751e8b465ee728b)
Start importing Assets/Bolt 2D JellyFarm VE2/Sprites/InGame/Jelly 10.png using Guid(7fd151f4d9de8de47a1d5abe6e506e83) Importer(815301076,1909f56bfc062723c751e8b465ee728b)  -> (artifact id: '77b1e423b0ddf9c9fc33b66b768387b9') in 0.077815 seconds 
========================================================================
Received Import Request.
  Time since last request: 131.849849 seconds.
  path: Assets/TopDown 2D RPG BE3/Sprites/Tiles.png
  artifactKey: Guid(dc747d0a3cdf6594f9f275fdd2a48b4b) Importer(815301076,1909f56bfc062723c751e8b465ee728b)
Start importing Assets/TopDown 2D RPG BE3/Sprites/Tiles.png using Guid(dc747d0a3cdf6594f9f275fdd2a48b4b) Importer(815301076,1909f56bfc062723c751e8b465ee728b)  -> (artifact id: '8047d8ebe124cfe598c9681d77c2cf0e') in 0.162239 seconds 
========================================================================
Received Import Request.
  Time since last request: 24.691844 seconds.
  path: Assets/TopDown 2D RPG BE3/Demo
  artifactKey: Guid(4ad316026e8893d428d998f0a1c2ad68) Importer(815301076,1909f56bfc062723c751e8b465ee728b)
Start importing Assets/TopDown 2D RPG BE3/Demo using Guid(4ad316026e8893d428d998f0a1c2ad68) Importer(815301076,1909f56bfc062723c751e8b465ee728b)  -> (artifact id: 'dcafcd96ab57b0554211bc59c1202786') in 0.010122 seconds 
========================================================================
Received Import Request.
  Time since last request: 3.019403 seconds.
  path: Assets/TopDown 2D RPG BE3/ReadMe
  artifactKey: Guid(d4391cd3fdc202a488cbf195cfa84bc1) Importer(815301076,1909f56bfc062723c751e8b465ee728b)
Start importing Assets/TopDown 2D RPG BE3/ReadMe using Guid(d4391cd3fdc202a488cbf195cfa84bc1) Importer(815301076,1909f56bfc062723c751e8b465ee728b)  -> (artifact id: '605a072f4e3faea33f4068035ed8c995') in 0.009120 seconds 
========================================================================
Received Import Request.
  Time since last request: 0.626493 seconds.
  path: Assets/TopDown 2D RPG BE3/ReadMe/Icon.png
  artifactKey: Guid(71ded8f6cdc30b14aa6ff9cc311ed0c7) Importer(815301076,1909f56bfc062723c751e8b465ee728b)
Start importing Assets/TopDown 2D RPG BE3/ReadMe/Icon.png using Guid(71ded8f6cdc30b14aa6ff9cc311ed0c7) Importer(815301076,1909f56bfc062723c751e8b465ee728b)  -> (artifact id: '955681def45fbea021cd368f20108ce3') in 0.065341 seconds 
========================================================================
Received Import Request.
  Time since last request: 1.295792 seconds.
  path: Assets/TopDown 2D RPG BE3/ReadMe/Scripts
  artifactKey: Guid(4017b55b36dbb0848a0f773d907f6399) Importer(815301076,1909f56bfc062723c751e8b465ee728b)
Start importing Assets/TopDown 2D RPG BE3/ReadMe/Scripts using Guid(4017b55b36dbb0848a0f773d907f6399) Importer(815301076,1909f56bfc062723c751e8b465ee728b)  -> (artifact id: 'c80549f5acbda589c3737c78aacfe16e') in 0.009997 seconds 
========================================================================
Received Import Request.
  Time since last request: 1.319299 seconds.
  path: Assets/TopDown 2D RPG BE3/ReadMe/Scripts/ReadmeBE3.cs
  artifactKey: Guid(06cbdea1493344043bf8b90522d97308) Importer(815301076,1909f56bfc062723c751e8b465ee728b)
Start importing Assets/TopDown 2D RPG BE3/ReadMe/Scripts/ReadmeBE3.cs using Guid(06cbdea1493344043bf8b90522d97308) Importer(815301076,1909f56bfc062723c751e8b465ee728b)  -> (artifact id: 'fe01723e783f4a7ad5150b89d08c7fe8') in 0.066353 seconds 
========================================================================
Received Import Request.
  Time since last request: 2.705211 seconds.
  path: Assets/TopDown 2D RPG BE3/ReadMe/Scripts/Editor
  artifactKey: Guid(c279e2fff61ac6240b2360554dfbc675) Importer(815301076,1909f56bfc062723c751e8b465ee728b)
Start importing Assets/TopDown 2D RPG BE3/ReadMe/Scripts/Editor using Guid(c279e2fff61ac6240b2360554dfbc675) Importer(815301076,1909f56bfc062723c751e8b465ee728b)  -> (artifact id: 'a08436404ddb98729596cf86bbc1b4f4') in 0.007179 seconds 
========================================================================
Received Import Request.
  Time since last request: 0.813655 seconds.
  path: Assets/TopDown 2D RPG BE3/ReadMe/Scripts/Editor/ReadmeEditorBE3.cs
  artifactKey: Guid(1aeb8e06a32672b419e492d42c4196d6) Importer(815301076,1909f56bfc062723c751e8b465ee728b)
Start importing Assets/TopDown 2D RPG BE3/ReadMe/Scripts/Editor/ReadmeEditorBE3.cs using Guid(1aeb8e06a32672b419e492d42c4196d6) Importer(815301076,1909f56bfc062723c751e8b465ee728b)  -> (artifact id: '58ce7974a6157c677785c6f08415cbb2') in 0.006582 seconds 
========================================================================
Received Import Request.
  Time since last request: 10.637639 seconds.
  path: Assets/TopDown 2D RPG BE3/Demo/Demo.unity
  artifactKey: Guid(b4b5e112b6b40ae4885800a5f955ee72) Importer(815301076,1909f56bfc062723c751e8b465ee728b)
Start importing Assets/TopDown 2D RPG BE3/Demo/Demo.unity using Guid(b4b5e112b6b40ae4885800a5f955ee72) Importer(815301076,1909f56bfc062723c751e8b465ee728b)  -> (artifact id: '60da2ccfc0dca304b5a05bafdf4b949c') in 0.008761 seconds 
========================================================================
Received Prepare
Registering precompiled user dll's ...
Registered in 0.006669 seconds.
Begin MonoManager ReloadAssembly
Symbol file LoadedFromMemory doesn't match image N:\1. Project\GMTK-JAM-2022\Roll-n-Die\Library\PackageCache\com.unity.visualscripting@1.7.8\Editor\VisualScripting.Core\Dependencies\YamlDotNet\Unity.VisualScripting.YamlDotNet.dll
Symbol file LoadedFromMemory doesn't match image N:\1. Project\GMTK-JAM-2022\Roll-n-Die\Library\PackageCache\com.unity.visualscripting@1.7.8\Editor\VisualScripting.Core\Dependencies\DotNetZip\Unity.VisualScripting.IonicZip.dll
Native extension for WindowsStandalone target not found
Native extension for WebGL target not found
Refreshing native plugins compatible for Editor in 0.79 ms, found 3 plugins.
Preloading 0 native plugins for Editor in 0.00 ms.
Mono: successfully reloaded assembly
- Completed reload, in  1.599 seconds
Domain Reload Profiling:
	ReloadAssembly (1600ms)
		BeginReloadAssembly (180ms)
			ExecutionOrderSort (0ms)
			DisableScriptedObjects (9ms)
			BackupInstance (0ms)
			ReleaseScriptingObjects (0ms)
			CreateAndSetChildDomain (56ms)
		EndReloadAssembly (1304ms)
			LoadAssemblies (106ms)
			RebuildTransferFunctionScriptingTraits (0ms)
			SetupTypeCache (449ms)
			ReleaseScriptCaches (2ms)
			RebuildScriptCaches (107ms)
			SetupLoadedEditorAssemblies (547ms)
				LogAssemblyErrors (0ms)
				InitializePlatformSupportModulesInManaged (20ms)
				SetLoadedEditorAssemblies (1ms)
				RefreshPlugins (1ms)
				BeforeProcessingInitializeOnLoad (105ms)
				ProcessInitializeOnLoadAttributes (358ms)
				ProcessInitializeOnLoadMethodAttributes (57ms)
				AfterProcessingInitializeOnLoad (5ms)
				EditorAssembliesLoaded (0ms)
			ExecutionOrderSort2 (0ms)
			AwakeInstancesAfterBackupRestoration (17ms)
Platform modules already initialized, skipping
Refreshing native plugins compatible for Editor in 1.76 ms, found 3 plugins.
Preloading 0 native plugins for Editor in 0.00 ms.
Unloading 3551 Unused Serialized files (Serialized files now loaded: 0)
Unloading 20 unused Assets / (78.9 KB). Loaded Objects now: 4124.
Memory consumption went from 135.7 MB to 135.6 MB.
Total: 4.447100 ms (FindLiveObjects: 0.308600 ms CreateObjectMapping: 0.260100 ms MarkObjects: 3.747200 ms  DeleteObjects: 0.129800 ms)

AssetImportParameters requested are different than current active one (requested -> active):
  custom:video-decoder-ogg-theora: a1e56fd34408186e4bbccfd4996cb3dc -> 
  custom:container-muxer-webm: aa71ff27fc2769a1b78a27578f13a17b -> 
  custom:container-demuxer-webm: 4f35f7cbe854078d1ac9338744f61a02 -> 
  custom:video-encoder-webm-vp8: eb34c28f22e8b96e1ab97ce403110664 -> 
  custom:audio-encoder-webm-vorbis: bf7c407c2cedff20999df2af8eb42d56 -> 
  custom:framework-win-MediaFoundation: 216162199b28c13a410421893ffa2e32 -> 
  custom:container-demuxer-ogg: 62fdf1f143b41e24485cea50d1cbac27 -> 
  custom:video-decoder-webm-vp8: 9c59270c3fd7afecdb556c50c9e8de78 -> 
  custom:audio-decoder-ogg-vorbis: bf7c407c2cedff20999df2af8eb42d56 -> 
